#
# There is insufficient memory for the Java Runtime Environment to continue.
# Native memory allocation (mmap) failed to map 130023424 bytes for G1 virtual space
# Possible reasons:
#   The system is out of physical RAM or swap space
#   The process is running with CompressedOops enabled, and the Java Heap may be blocking the growth of the native heap
# Possible solutions:
#   Reduce memory load on the system
#   Increase physical memory or swap space
#   Check if swap backing store is full
#   Decrease Java heap size (-Xmx/-Xms)
#   Decrease number of Java threads
#   Decrease Java thread stack sizes (-Xss)
#   Set larger code cache with -XX:ReservedCodeCacheSize=
#   JVM is running with Unscaled Compressed Oops mode in which the Java heap is
#     placed in the first 4GB address space. The Java Heap base address is the
#     maximum limit for the native heap growth. Please use -XX:HeapBaseMinAddress
#     to set the Java Heap base and to place the Java Heap above 4GB virtual address.
# This output file may be truncated or incomplete.
#
#  Out of Memory Error (os_windows.cpp:3825), pid=23316, tid=9420
#
# JRE version:  (17.0.10+1) (build )
# Java VM: OpenJDK 64-Bit Server VM (17.0.10+1-b1207.14, mixed mode, sharing, tiered, compressed oops, compressed class ptrs, g1 gc, windows-amd64)
# No core dump will be written. Minidumps are not enabled by default on client versions of Windows
#

---------------  S U M M A R Y ------------

Command Line: git4idea.http.GitAskPassApp Username for 'https://github.com': 

Host: 11th Gen Intel(R) Core(TM) i5-1135G7 @ 2.40GHz, 8 cores, 7G,  Windows 11 , 64 bit Build 22621 (10.0.22621.4391)
Time: Thu Jan 30 22:23:31 2025  Windows 11 , 64 bit Build 22621 (10.0.22621.4391) elapsed time: 0.013345 seconds (0d 0h 0m 0s)

---------------  T H R E A D  ---------------

Current thread (0x0000024576fe49e0):  JavaThread "Unknown thread" [_thread_in_vm, id=9420, stack(0x000000c194200000,0x000000c194300000)]

Stack: [0x000000c194200000,0x000000c194300000]
Native frames: (J=compiled Java code, j=interpreted, Vv=VM code, C=native code)
V  [jvm.dll+0x687989]
V  [jvm.dll+0x84116a]
V  [jvm.dll+0x842dae]
V  [jvm.dll+0x843413]
V  [jvm.dll+0x249ccf]
V  [jvm.dll+0x684759]
V  [jvm.dll+0x67900a]
V  [jvm.dll+0x30ab0b]
V  [jvm.dll+0x311fb6]
V  [jvm.dll+0x361d5e]
V  [jvm.dll+0x361f8f]
V  [jvm.dll+0x2e07f8]
V  [jvm.dll+0x2e1764]
V  [jvm.dll+0x811c31]
V  [jvm.dll+0x36fc11]
V  [jvm.dll+0x7f0666]
V  [jvm.dll+0x3f3daf]
V  [jvm.dll+0x3f5a41]
C  [jli.dll+0x528f]
C  [ucrtbase.dll+0x29333]
C  [KERNEL32.DLL+0x1259d]
C  [ntdll.dll+0x5af38]


---------------  P R O C E S S  ---------------

Threads class SMR info:
_java_thread_list=0x00007ffafe17df58, length=0, elements={
}

Java Threads: ( => current thread )

Other Threads:
  0x000002457703fd30 GCTaskThread "GC Thread#0" [stack: 0x000000c194300000,0x000000c194400000] [id=22740]
  0x00000245770502a0 ConcurrentGCThread "G1 Main Marker" [stack: 0x000000c194400000,0x000000c194500000] [id=12324]
  0x0000024577050b60 ConcurrentGCThread "G1 Conc#0" [stack: 0x000000c194500000,0x000000c194600000] [id=23980]

[error occurred during error reporting (printing all threads), id 0xc0000005, EXCEPTION_ACCESS_VIOLATION (0xc0000005) at pc=0x00007ffafd9313c7]

VM state: not at safepoint (not fully initialized)

VM Mutex/Monitor currently owned by a thread:  ([mutex/lock_event])
[0x0000024576fdf170] Heap_lock - owner thread: 0x0000024576fe49e0

Heap address: 0x0000000084400000, size: 1980 MB, Compressed Oops mode: 32-bit

CDS archive(s) mapped at: [0x0000000000000000-0x0000000000000000-0x0000000000000000), size 0, SharedBaseAddress: 0x0000000800000000, ArchiveRelocationMode: 1.
Narrow klass base: 0x0000000000000000, Narrow klass shift: 0, Narrow klass range: 0x0

GC Precious Log:
<Empty>

Heap:
 garbage-first heap   total 0K, used 0K [0x0000000084400000, 0x0000000100000000)
  region size 1024K, 0 young (0K), 0 survivors (0K)
 Metaspace       used 0K, committed 0K, reserved 0K
  class space    used 0K, committed 0K, reserved 0K

Heap Regions: E=young(eden), S=young(survivor), O=old, HS=humongous(starts), HC=humongous(continues), CS=collection set, F=free, OA=open archive, CA=closed archive, TAMS=top-at-mark-start (previous, next)

Card table byte_map: [0x000002457ae70000,0x000002457b250000] _byte_map_base: 0x000002457aa4e000

Marking Bits (Prev, Next): (CMBitMap*) 0x00000245770401f0, (CMBitMap*) 0x0000024577040230
 Prev Bits: [0x000002457b630000, 0x000002457d520000)
 Next Bits: [0x000002457d520000, 0x000002457f410000)

GC Heap History (0 events):
No events

Dll operation events (1 events):
Event: 0.008 Loaded shared library C:\Program Files\JetBrains\PyCharm 2024.1.1\jbr\bin\java.dll

Deoptimization events (0 events):
No events

Classes unloaded (0 events):
No events

Classes redefined (0 events):
No events

Internal exceptions (0 events):
No events

VM Operations (0 events):
No events

Events (0 events):
No events


Dynamic libraries:
0x00007ff62d7e0000 - 0x00007ff62d7ea000 	C:\Program Files\JetBrains\PyCharm 2024.1.1\jbr\bin\java.exe
0x00007ffb5fdf0000 - 0x00007ffb60007000 	C:\WINDOWS\SYSTEM32\ntdll.dll
0x00007ffb50450000 - 0x00007ffb5046a000 	C:\Program Files\Avast Software\Avast\aswhook.dll
0x00007ffb5e410000 - 0x00007ffb5e4d4000 	C:\WINDOWS\System32\KERNEL32.DLL
0x00007ffb5d1d0000 - 0x00007ffb5d58a000 	C:\WINDOWS\System32\KERNELBASE.dll
0x00007ffb5d610000 - 0x00007ffb5d721000 	C:\WINDOWS\System32\ucrtbase.dll
0x00007ffb559f0000 - 0x00007ffb55a07000 	C:\Program Files\JetBrains\PyCharm 2024.1.1\jbr\bin\jli.dll
0x00007ffb50fd0000 - 0x00007ffb50feb000 	C:\Program Files\JetBrains\PyCharm 2024.1.1\jbr\bin\VCRUNTIME140.dll
0x00007ffb5e880000 - 0x00007ffb5ea2e000 	C:\WINDOWS\System32\USER32.dll
0x00007ffb5d730000 - 0x00007ffb5d756000 	C:\WINDOWS\System32\win32u.dll
0x00007ffb40570000 - 0x00007ffb40802000 	C:\WINDOWS\WinSxS\amd64_microsoft.windows.common-controls_6595b64144ccf1df_6.0.22621.4541_none_2710d1c57384c085\COMCTL32.dll
0x00007ffb5dc90000 - 0x00007ffb5dcb9000 	C:\WINDOWS\System32\GDI32.dll
0x00007ffb5fa70000 - 0x00007ffb5fb17000 	C:\WINDOWS\System32\msvcrt.dll
0x00007ffb5d760000 - 0x00007ffb5d87b000 	C:\WINDOWS\System32\gdi32full.dll
0x00007ffb5d0b0000 - 0x00007ffb5d14a000 	C:\WINDOWS\System32\msvcp_win.dll
0x00007ffb5df30000 - 0x00007ffb5df61000 	C:\WINDOWS\System32\IMM32.DLL
0x00007ffb59930000 - 0x00007ffb5993c000 	C:\Program Files\JetBrains\PyCharm 2024.1.1\jbr\bin\vcruntime140_1.dll
0x00007ffb39930000 - 0x00007ffb399bd000 	C:\Program Files\JetBrains\PyCharm 2024.1.1\jbr\bin\msvcp140.dll
0x00007ffafd640000 - 0x00007ffafe2c2000 	C:\Program Files\JetBrains\PyCharm 2024.1.1\jbr\bin\server\jvm.dll
0x00007ffb5e6e0000 - 0x00007ffb5e792000 	C:\WINDOWS\System32\ADVAPI32.dll
0x00007ffb5df70000 - 0x00007ffb5e017000 	C:\WINDOWS\System32\sechost.dll
0x00007ffb5d9f0000 - 0x00007ffb5da18000 	C:\WINDOWS\System32\bcrypt.dll
0x00007ffb5db70000 - 0x00007ffb5dc84000 	C:\WINDOWS\System32\RPCRT4.dll
0x00007ffb5bf00000 - 0x00007ffb5bf4d000 	C:\WINDOWS\SYSTEM32\POWRPROF.dll
0x00007ffb41be0000 - 0x00007ffb41be9000 	C:\WINDOWS\SYSTEM32\WSOCK32.dll
0x00007ffb58890000 - 0x00007ffb588c4000 	C:\WINDOWS\SYSTEM32\WINMM.dll
0x00007ffb58ac0000 - 0x00007ffb58aca000 	C:\WINDOWS\SYSTEM32\VERSION.dll
0x00007ffb5f570000 - 0x00007ffb5f5e1000 	C:\WINDOWS\System32\WS2_32.dll
0x00007ffb5bee0000 - 0x00007ffb5bef3000 	C:\WINDOWS\SYSTEM32\UMPDC.dll
0x00007ffb5c1a0000 - 0x00007ffb5c1b8000 	C:\WINDOWS\SYSTEM32\kernel.appcore.dll
0x00007ffb598b0000 - 0x00007ffb598ba000 	C:\Program Files\JetBrains\PyCharm 2024.1.1\jbr\bin\jimage.dll
0x00007ffb5a420000 - 0x00007ffb5a652000 	C:\WINDOWS\SYSTEM32\DBGHELP.DLL
0x00007ffb5e020000 - 0x00007ffb5e3b1000 	C:\WINDOWS\System32\combase.dll
0x00007ffb5e7a0000 - 0x00007ffb5e877000 	C:\WINDOWS\System32\OLEAUT32.dll
0x00007ffb4ca00000 - 0x00007ffb4ca32000 	C:\WINDOWS\SYSTEM32\dbgcore.DLL
0x00007ffb5d590000 - 0x00007ffb5d60b000 	C:\WINDOWS\System32\bcryptPrimitives.dll
0x00007ffb57c20000 - 0x00007ffb57c45000 	C:\Program Files\JetBrains\PyCharm 2024.1.1\jbr\bin\java.dll

dbghelp: loaded successfully - version: 4.0.5 - missing functions: none
symbol engine: initialized successfully - sym options: 0x614 - pdb path: .;C:\Program Files\JetBrains\PyCharm 2024.1.1\jbr\bin;C:\WINDOWS\SYSTEM32;C:\Program Files\Avast Software\Avast;C:\WINDOWS\WinSxS\amd64_microsoft.windows.common-controls_6595b64144ccf1df_6.0.22621.4541_none_2710d1c57384c085;C:\Program Files\JetBrains\PyCharm 2024.1.1\jbr\bin\server

VM Arguments:
java_command: git4idea.http.GitAskPassApp Username for 'https://github.com': 
java_class_path (initial): C:/Program Files/JetBrains/PyCharm 2024.1.1/plugins/vcs-git/lib/git4idea-rt.jar;C:/Program Files/JetBrains/PyCharm 2024.1.1/lib/externalProcess-rt.jar
Launcher Type: SUN_STANDARD

[Global flags]
     intx CICompilerCount                          = 4                                         {product} {ergonomic}
     uint ConcGCThreads                            = 2                                         {product} {ergonomic}
     uint G1ConcRefinementThreads                  = 8                                         {product} {ergonomic}
   size_t G1HeapRegionSize                         = 1048576                                   {product} {ergonomic}
    uintx GCDrainStackTargetSize                   = 64                                        {product} {ergonomic}
   size_t InitialHeapSize                          = 130023424                                 {product} {ergonomic}
   size_t MarkStackSize                            = 4194304                                   {product} {ergonomic}
   size_t MaxHeapSize                              = 2076180480                                {product} {ergonomic}
   size_t MinHeapDeltaBytes                        = 1048576                                   {product} {ergonomic}
   size_t MinHeapSize                              = 8388608                                   {product} {ergonomic}
    uintx NonNMethodCodeHeapSize                   = 5839372                                {pd product} {ergonomic}
    uintx NonProfiledCodeHeapSize                  = 122909434                              {pd product} {ergonomic}
    uintx ProfiledCodeHeapSize                     = 122909434                              {pd product} {ergonomic}
    uintx ReservedCodeCacheSize                    = 251658240                              {pd product} {ergonomic}
     bool SegmentedCodeCache                       = true                                      {product} {ergonomic}
   size_t SoftMaxHeapSize                          = 2076180480                             {manageable} {ergonomic}
     bool UseCompressedClassPointers               = true                           {product lp64_product} {ergonomic}
     bool UseCompressedOops                        = true                           {product lp64_product} {ergonomic}
     bool UseG1GC                                  = true                                      {product} {ergonomic}
     bool UseLargePagesIndividualAllocation        = false                                  {pd product} {ergonomic}

Logging:
Log output configuration:
 #0: stdout all=warning uptime,level,tags
 #1: stderr all=off uptime,level,tags

Environment Variables:
PATH=F:/Git/mingw64/libexec/git-core;F:/Git/mingw64/libexec/git-core;F:\Git\mingw64\bin;F:\Git\usr\bin;C:\Users\PC\bin;C:\WINDOWS\system32;C:\WINDOWS;C:\WINDOWS\System32\Wbem;C:\WINDOWS\System32\WindowsPowerShell\v1.0\;C:\WINDOWS\System32\OpenSSH\;C:\Program Files\Microsoft SQL Server\150\Tools\Binn\;C:\Program Files\Microsoft SQL Server\Client SDK\ODBC\170\Tools\Binn\;F:\Git\cmd;F:\xampp\htdocs\Ruby33-x64\bin;C:\Users\PC\AppData\Local\Programs\Python\Launcher\;C:\Users\PC\AppData\Local\Microsoft\WindowsApps;C:\Users\PC\AppData\Local\GitHubDesktop\bin;C:\php-8.4.1-nts-Win32-vs17-x64;F:\Microsoft VS Code\bin
USERNAME=PC
DISPLAY=:0.0
LC_ALL=en_US.UTF-8
TERM=xterm-256color
TMPDIR=C:\Users\PC\AppData\Local\Temp
OS=Windows_NT
PROCESSOR_IDENTIFIER=Intel64 Family 6 Model 140 Stepping 1, GenuineIntel
TMP=C:\Users\PC\AppData\Local\Temp
TEMP=C:\Users\PC\AppData\Local\Temp



Periodic native trim disabled

JNI global refs:
JNI global refs: 0, weak refs: 0

JNI global refs memory usage: 0, weak refs: 0

OOME stack traces (most recent first):
Classloader memory used:


---------------  S Y S T E M  ---------------

OS:
 Windows 11 , 64 bit Build 22621 (10.0.22621.4391)
OS uptime: 9 days 21:37 hours
Hyper-V role detected

CPU: total 8 (initial active 8) (4 cores per cpu, 2 threads per core) family 6 model 140 stepping 1 microcode 0xb8, cx8, cmov, fxsr, ht, mmx, 3dnowpref, sse, sse2, sse3, ssse3, sse4.1, sse4.2, popcnt, lzcnt, tsc, tscinvbit, avx, avx2, aes, erms, clmul, bmi1, bmi2, adx, avx512f, avx512dq, avx512cd, avx512bw, avx512vl, sha, fma, vzeroupper, avx512_vpopcntdq, avx512_vpclmulqdq, avx512_vaes, avx512_vnni, clflush, clflushopt, clwb, avx512_vbmi2, avx512_vbmi, hv
Processor Information for all 8 processors :
  Max Mhz: 2419, Current Mhz: 2419, Mhz Limit: 2419

Memory: 4k page, system-wide physical 7918M (941M free)
TotalPageFile size 9966M (AvailPageFile size 91M)
current process WorkingSet (physical memory assigned to process): 11M, peak: 11M
current process commit charge ("private bytes"): 60M, peak: 184M

vm_info: OpenJDK 64-Bit Server VM (17.0.10+1-b1207.14) for windows-amd64 JRE (17.0.10+1-b1207.14), built on 2024-04-05 by "builduser" with MS VC++ 16.10 / 16.11 (VS2019)

END.
